# gt3-corvette-z06-2025
--- LMP3 Cleanup & 2026 CarClass Fixes ---
  captured: 2026-06-13 15:17
  "R": [7520,6619,6732,6845,6958,7069,7181,7293,7408]
  "N": [7520,6619,6732,6845,6958,7069,7181,7293,7408]
  "1": [7520,6619,6732,6845,6958,7069,7181,7293,7408]
  "2": [7520,6619,6732,6845,6958,7069,7181,7293,7408]
  "3": [7520,6619,6732,6845,6958,7069,7181,7293,7408]
  "4": [7520,6619,6732,6845,6958,7069,7181,7293,7408]
  "5": [7520,6619,6732,6845,6958,7069,7181,7293,7408]
  "6": [7520,6619,6732,6845,6958,7069,7181,7293,7408]
  "7": [7520,6619,6732,6845,6958,7069,7181,7293,7408]
  "8": [7520,6619,6732,6845,6958,7069,7181,7293,7408]

  "R": [1.0000,0.8802,0.8952,0.9102,0.9253,0.9400,0.9549,0.9698,0.9851]
  "N": [1.0000,0.8802,0.8952,0.9102,0.9253,0.9400,0.9549,0.9698,0.9851]
  "1": [1.0000,0.8802,0.8952,0.9102,0.9253,0.9400,0.9549,0.9698,0.9851]
  "2": [1.0000,0.8802,0.8952,0.9102,0.9253,0.9400,0.9549,0.9698,0.9851]
  "3": [1.0000,0.8802,0.8952,0.9102,0.9253,0.9400,0.9549,0.9698,0.9851]
  "4": [1.0000,0.8802,0.8952,0.9102,0.9253,0.9400,0.9549,0.9698,0.9851]
  "5": [1.0000,0.8802,0.8952,0.9102,0.9253,0.9400,0.9549,0.9698,0.9851]
  "6": [1.0000,0.8802,0.8952,0.9102,0.9253,0.9400,0.9549,0.9698,0.9851]
  "7": [1.0000,0.8802,0.8952,0.9102,0.9253,0.9400,0.9549,0.9698,0.9851]
  "8": [1.0000,0.8802,0.8952,0.9102,0.9253,0.9400,0.9549,0.9698,0.9851]

--- baseline ---
  captured: 2026-05-31 11:53
  "R": [7520,7730,6619,6732,6845,6958,7069,7181,7293,7408]
  "N": [7520,7730,6619,6732,6845,6958,7069,7181,7293,7408]
  "1": [7520,7730,6619,6732,6845,6958,7069,7181,7293,7408]
  "2": [7520,7730,6619,6732,6845,6958,7069,7181,7293,7408]
  "3": [7520,7730,6619,6732,6845,6958,7069,7181,7293,7408]
  "4": [7520,7730,6619,6732,6845,6958,7069,7181,7293,7408]
  "5": [7520,7730,6619,6732,6845,6958,7069,7181,7293,7408]
  "6": [7520,7730,6619,6732,6845,6958,7069,7181,7293,7408]
  "7": [7520,7730,6619,6732,6845,6958,7069,7181,7293,7408]
  "8": [7520,7730,6619,6732,6845,6958,7069,7181,7293,7408]

  "R": [1.0000,1.0279,0.8802,0.8952,0.9102,0.9253,0.9400,0.9549,0.9698,0.9851]
  "N": [1.0000,1.0279,0.8802,0.8952,0.9102,0.9253,0.9400,0.9549,0.9698,0.9851]
  "1": [1.0000,1.0279,0.8802,0.8952,0.9102,0.9253,0.9400,0.9549,0.9698,0.9851]
  "2": [1.0000,1.0279,0.8802,0.8952,0.9102,0.9253,0.9400,0.9549,0.9698,0.9851]
  "3": [1.0000,1.0279,0.8802,0.8952,0.9102,0.9253,0.9400,0.9549,0.9698,0.9851]
  "4": [1.0000,1.0279,0.8802,0.8952,0.9102,0.9253,0.9400,0.9549,0.9698,0.9851]
  "5": [1.0000,1.0279,0.8802,0.8952,0.9102,0.9253,0.9400,0.9549,0.9698,0.9851]
  "6": [1.0000,1.0279,0.8802,0.8952,0.9102,0.9253,0.9400,0.9549,0.9698,0.9851]
  "7": [1.0000,1.0279,0.8802,0.8952,0.9102,0.9253,0.9400,0.9549,0.9698,0.9851]
  "8": [1.0000,1.0279,0.8802,0.8952,0.9102,0.9253,0.9400,0.9549,0.9698,0.9851]
